# JRE version: OpenJDK Runtime Environment (10.0.2+13) (build 10.0.2+13)
# Java VM: OpenJDK 64-Bit Server VM (10.0.2+13, mixed mode, tiered, compressed oops, g1 gc, linux-amd64)
Heap:
 garbage-first heap   total 143360K, used 84837K [0x0000000649200000, 0x00000007c0000000)
  region size 1024K, 45 young (46080K), 0 survivors (0K)
 Metaspace       used 61482K, capacity 62904K, committed 63260K, reserved 1105920K
  class space    used 6949K, capacity 7481K, committed 7500K, reserved 1048576K
GC Heap History (10 events):
Event: 15,738 GC heap before
{Heap before GC invocations=10 (full 0):
 garbage-first heap   total 462848K, used 283113K [0x0000000649200000, 0x00000007c0000000)
  region size 1024K, 271 young (277504K), 18 survivors (18432K)
 Metaspace       used 55540K, capacity 56836K, committed 57040K, reserved 1099776K
  class space    used 6307K, capacity 6823K, committed 6912K, reserved 1048576K
}
Event: 15,759 GC heap after
{Heap after GC invocations=11 (full 0):
 garbage-first heap   total 556032K, used 32305K [0x0000000649200000, 0x00000007c0000000)
  region size 1024K, 26 young (26624K), 26 survivors (26624K)
 Metaspace       used 55540K, capacity 56836K, committed 57040K, reserved 1099776K
  class space    used 6307K, capacity 6823K, committed 6912K, reserved 1048576K
}
Event: 17,252 GC heap before
{Heap before GC invocations=11 (full 0):
 garbage-first heap   total 556032K, used 95793K [0x0000000649200000, 0x00000007c0000000)
  region size 1024K, 86 young (88064K), 26 survivors (26624K)
 Metaspace       used 58634K, capacity 59970K, committed 60080K, reserved 1101824K
  class space    used 6712K, capacity 7236K, committed 7296K, reserved 1048576K
}
Event: 17,275 GC heap after
{Heap after GC invocations=12 (full 0):
 garbage-first heap   total 556032K, used 33632K [0x0000000649200000, 0x00000007c0000000)
  region size 1024K, 21 young (21504K), 21 survivors (21504K)
 Metaspace       used 58634K, capacity 59970K, committed 60080K, reserved 1101824K
  class space    used 6712K, capacity 7236K, committed 7296K, reserved 1048576K
}
Event: 20,478 GC heap before
{Heap before GC invocations=13 (full 0):
 garbage-first heap   total 556032K, used 168800K [0x0000000649200000, 0x00000007c0000000)
  region size 1024K, 153 young (156672K), 21 survivors (21504K)
 Metaspace       used 60911K, capacity 62266K, committed 62492K, reserved 1103872K
  class space    used 6922K, capacity 7445K, committed 7500K, reserved 1048576K
}
Event: 20,496 GC heap after
{Heap after GC invocations=14 (full 0):
 garbage-first heap   total 556032K, used 39623K [0x0000000649200000, 0x00000007c0000000)
  region size 1024K, 16 young (16384K), 16 survivors (16384K)
 Metaspace       used 60911K, capacity 62266K, committed 62492K, reserved 1103872K
  class space    used 6922K, capacity 7445K, committed 7500K, reserved 1048576K
}
Event: 22,076 GC heap before
{Heap before GC invocations=14 (full 0):
 garbage-first heap   total 556032K, used 121543K [0x0000000649200000, 0x00000007c0000000)
  region size 1024K, 97 young (99328K), 16 survivors (16384K)
 Metaspace       used 61460K, capacity 62879K, committed 63004K, reserved 1105920K
  class space    used 6947K, capacity 7494K, committed 7500K, reserved 1048576K
}
Event: 22,191 GC heap after
{Heap after GC invocations=15 (full 1):
 garbage-first heap   total 147456K, used 41350K [0x0000000649200000, 0x00000007c0000000)
  region size 1024K, 0 young (0K), 0 survivors (0K)
 Metaspace       used 61456K, capacity 62867K, committed 63004K, reserved 1105920K
  class space    used 6946K, capacity 7490K, committed 7500K, reserved 1048576K
}
Event: 22,192 GC heap before
{Heap before GC invocations=15 (full 1):
 garbage-first heap   total 147456K, used 41350K [0x0000000649200000, 0x00000007c0000000)
  region size 1024K, 0 young (0K), 0 survivors (0K)
 Metaspace       used 61456K, capacity 62867K, committed 63004K, reserved 1105920K
  class space    used 6946K, capacity 7490K, committed 7500K, reserved 1048576K
}
Event: 22,256 GC heap after
{Heap after GC invocations=16 (full 2):
 garbage-first heap   total 143360K, used 39781K [0x0000000649200000, 0x00000007c0000000)
  region size 1024K, 0 young (0K), 0 survivors (0K)
 Metaspace       used 61432K, capacity 62828K, committed 63004K, reserved 1105920K
  class space    used 6941K, capacity 7477K, committed 7500K, reserved 1048576K
}

